<?xml version="1.0" encoding="UTF-8"?>
<testsuite name="com.example.cinemasystem.ReservationTests.ReservationServiceUnitTests" tests="1" skipped="0" failures="0" errors="0" timestamp="2021-12-21T09:34:31" hostname="DESKTOP-KA73S1F" time="0.013">
  <properties/>
  <testcase name="makeReservationTest()" classname="com.example.cinemasystem.ReservationTests.ReservationServiceUnitTests" time="0.013"/>
  <system-out><![CDATA[2021-12-21 11:34:30.708  INFO 23280 --- [    Test worker] .b.t.c.SpringBootTestContextBootstrapper : Neither @ContextConfiguration nor @ContextHierarchy found for test class [com.example.cinemasystem.ReservationTests.ReservationServiceUnitTests], using SpringBootContextLoader
2021-12-21 11:34:30.709  INFO 23280 --- [    Test worker] o.s.t.c.support.AbstractContextLoader    : Could not detect default resource locations for test class [com.example.cinemasystem.ReservationTests.ReservationServiceUnitTests]: no resource found for suffixes {-context.xml, Context.groovy}.
2021-12-21 11:34:30.709  INFO 23280 --- [    Test worker] t.c.s.AnnotationConfigContextLoaderUtils : Could not detect default configuration classes for test class [com.example.cinemasystem.ReservationTests.ReservationServiceUnitTests]: ReservationServiceUnitTests does not declare any static, non-private, non-final, nested classes annotated with @Configuration.
2021-12-21 11:34:30.715  INFO 23280 --- [    Test worker] .b.t.c.SpringBootTestContextBootstrapper : Found @SpringBootConfiguration com.example.cinemasystem.CinemaSystemApplication for test class com.example.cinemasystem.ReservationTests.ReservationServiceUnitTests
2021-12-21 11:34:30.717  INFO 23280 --- [    Test worker] .b.t.c.SpringBootTestContextBootstrapper : Loaded default TestExecutionListener class names from location [META-INF/spring.factories]: [org.springframework.security.test.context.support.WithSecurityContextTestExecutionListener, org.springframework.security.test.context.support.ReactorContextTestExecutionListener, org.springframework.boot.test.autoconfigure.restdocs.RestDocsTestExecutionListener, org.springframework.boot.test.autoconfigure.web.client.MockRestServiceServerResetTestExecutionListener, org.springframework.boot.test.autoconfigure.web.servlet.MockMvcPrintOnlyOnFailureTestExecutionListener, org.springframework.boot.test.autoconfigure.web.servlet.WebDriverTestExecutionListener, org.springframework.boot.test.autoconfigure.webservices.client.MockWebServiceServerTestExecutionListener, org.springframework.boot.test.mock.mockito.MockitoTestExecutionListener, org.springframework.boot.test.mock.mockito.ResetMocksTestExecutionListener, org.springframework.test.context.web.ServletTestExecutionListener, org.springframework.test.context.support.DirtiesContextBeforeModesTestExecutionListener, org.springframework.test.context.event.ApplicationEventsTestExecutionListener, org.springframework.test.context.support.DependencyInjectionTestExecutionListener, org.springframework.test.context.support.DirtiesContextTestExecutionListener, org.springframework.test.context.transaction.TransactionalTestExecutionListener, org.springframework.test.context.jdbc.SqlScriptsTestExecutionListener, org.springframework.test.context.event.EventPublishingTestExecutionListener]
2021-12-21 11:34:30.717  INFO 23280 --- [    Test worker] .b.t.c.SpringBootTestContextBootstrapper : Using TestExecutionListeners: [org.springframework.test.context.web.ServletTestExecutionListener@36914f2, org.springframework.test.context.support.DirtiesContextBeforeModesTestExecutionListener@444e7443, org.springframework.test.context.event.ApplicationEventsTestExecutionListener@7718b1da, org.springframework.boot.test.mock.mockito.MockitoTestExecutionListener@74693afa, org.springframework.boot.test.autoconfigure.SpringBootDependencyInjectionTestExecutionListener@3f6c7e01, org.springframework.test.context.support.DirtiesContextTestExecutionListener@837e9c3, org.springframework.test.context.transaction.TransactionalTestExecutionListener@3a131f7e, org.springframework.test.context.jdbc.SqlScriptsTestExecutionListener@7905c2c, org.springframework.security.test.context.support.WithSecurityContextTestExecutionListener@5bd0a6a9, org.springframework.test.context.event.EventPublishingTestExecutionListener@6c1e25e1, org.springframework.security.test.context.support.ReactorContextTestExecutionListener@4ed43ff3, org.springframework.boot.test.autoconfigure.restdocs.RestDocsTestExecutionListener@4ba06b39, org.springframework.boot.test.autoconfigure.web.client.MockRestServiceServerResetTestExecutionListener@159b790a, org.springframework.boot.test.autoconfigure.web.servlet.MockMvcPrintOnlyOnFailureTestExecutionListener@8b76775, org.springframework.boot.test.autoconfigure.web.servlet.WebDriverTestExecutionListener@67f3ea37, org.springframework.boot.test.autoconfigure.webservices.client.MockWebServiceServerTestExecutionListener@2fc2bc53, org.springframework.boot.test.mock.mockito.ResetMocksTestExecutionListener@615fd388]

  .   ____          _            __ _ _
 /\\ / ___'_ __ _ _(_)_ __  __ _ \ \ \ \
( ( )\___ | '_ | '_| | '_ \/ _` | \ \ \ \
 \\/  ___)| |_)| | | | | || (_| |  ) ) ) )
  '  |____| .__|_| |_|_| |_\__, | / / / /
 =========|_|==============|___/=/_/_/_/
 :: Spring Boot ::                (v2.5.4)

2021-12-21 11:34:30.749  INFO 23280 --- [    Test worker] c.e.c.R.ReservationServiceUnitTests      : Starting ReservationServiceUnitTests using Java 11.0.2 on DESKTOP-KA73S1F with PID 23280 (started by ?ordan in C:\Users\Jordan\Desktop\cinema-system\cinema-system)
2021-12-21 11:34:30.750  INFO 23280 --- [    Test worker] c.e.c.R.ReservationServiceUnitTests      : No active profile set, falling back to default profiles: default
2021-12-21 11:34:31.209  INFO 23280 --- [    Test worker] o.s.s.web.DefaultSecurityFilterChain     : Will secure any request with [org.springframework.security.web.context.request.async.WebAsyncManagerIntegrationFilter@54d2fad1, org.springframework.security.web.context.SecurityContextPersistenceFilter@12f62c8c, org.springframework.security.web.header.HeaderWriterFilter@31a36766, org.springframework.web.filter.CorsFilter@670ba92, org.springframework.security.web.authentication.logout.LogoutFilter@28b509b1, com.example.cinemasystem.filter.JWTAuthenticationFilter@324c3b05, com.example.cinemasystem.filter.JWTAuthorizationFilter@6b52c656, org.springframework.security.web.savedrequest.RequestCacheAwareFilter@ae267e6, org.springframework.security.web.servletapi.SecurityContextHolderAwareRequestFilter@20d0a98b, org.springframework.security.web.authentication.AnonymousAuthenticationFilter@2895bd9f, org.springframework.security.web.session.SessionManagementFilter@765ba494, org.springframework.security.web.access.ExceptionTranslationFilter@2667cd71, org.springframework.security.web.access.intercept.FilterSecurityInterceptor@6d269c36]
2021-12-21 11:34:31.557  INFO 23280 --- [    Test worker] c.e.c.R.ReservationServiceUnitTests      : Started ReservationServiceUnitTests in 0.838 seconds (JVM running for 6.698)
]]></system-out>
  <system-err><![CDATA[]]></system-err>
</testsuite>
