<?xml version="1.0" encoding="UTF-8"?>
<testsuite name="com.example.cinemasystem.UserTests.UserControllerUnitTests" tests="5" skipped="0" failures="0" errors="0" timestamp="2022-01-16T10:56:56" hostname="DESKTOP-KA73S1F" time="1.091">
  <properties/>
  <testcase name="userRegistrationTest()" classname="com.example.cinemasystem.UserTests.UserControllerUnitTests" time="0.004"/>
  <testcase name="getAccountByUsernameTest()" classname="com.example.cinemasystem.UserTests.UserControllerUnitTests" time="0.005"/>
  <testcase name="mesageTest()" classname="com.example.cinemasystem.UserTests.UserControllerUnitTests" time="0.066"/>
  <testcase name="setWebSocketControllerTest()" classname="com.example.cinemasystem.UserTests.UserControllerUnitTests" time="1.01"/>
  <testcase name="getAccountByIdTest()" classname="com.example.cinemasystem.UserTests.UserControllerUnitTests" time="0.003"/>
  <system-out><![CDATA[2022-01-16 11:56:56.039  INFO 18888 --- [    Test worker] .b.t.c.SpringBootTestContextBootstrapper : Neither @ContextConfiguration nor @ContextHierarchy found for test class [com.example.cinemasystem.UserTests.UserControllerUnitTests], using SpringBootContextLoader
2022-01-16 11:56:56.040  INFO 18888 --- [    Test worker] o.s.t.c.support.AbstractContextLoader    : Could not detect default resource locations for test class [com.example.cinemasystem.UserTests.UserControllerUnitTests]: no resource found for suffixes {-context.xml, Context.groovy}.
2022-01-16 11:56:56.040  INFO 18888 --- [    Test worker] t.c.s.AnnotationConfigContextLoaderUtils : Could not detect default configuration classes for test class [com.example.cinemasystem.UserTests.UserControllerUnitTests]: UserControllerUnitTests does not declare any static, non-private, non-final, nested classes annotated with @Configuration.
2022-01-16 11:56:56.047  INFO 18888 --- [    Test worker] .b.t.c.SpringBootTestContextBootstrapper : Found @SpringBootConfiguration com.example.cinemasystem.CinemaSystemApplication for test class com.example.cinemasystem.UserTests.UserControllerUnitTests
2022-01-16 11:56:56.048  INFO 18888 --- [    Test worker] .b.t.c.SpringBootTestContextBootstrapper : Loaded default TestExecutionListener class names from location [META-INF/spring.factories]: [org.springframework.security.test.context.support.WithSecurityContextTestExecutionListener, org.springframework.security.test.context.support.ReactorContextTestExecutionListener, org.springframework.boot.test.autoconfigure.restdocs.RestDocsTestExecutionListener, org.springframework.boot.test.autoconfigure.web.client.MockRestServiceServerResetTestExecutionListener, org.springframework.boot.test.autoconfigure.web.servlet.MockMvcPrintOnlyOnFailureTestExecutionListener, org.springframework.boot.test.autoconfigure.web.servlet.WebDriverTestExecutionListener, org.springframework.boot.test.autoconfigure.webservices.client.MockWebServiceServerTestExecutionListener, org.springframework.boot.test.mock.mockito.MockitoTestExecutionListener, org.springframework.boot.test.mock.mockito.ResetMocksTestExecutionListener, org.springframework.test.context.web.ServletTestExecutionListener, org.springframework.test.context.support.DirtiesContextBeforeModesTestExecutionListener, org.springframework.test.context.event.ApplicationEventsTestExecutionListener, org.springframework.test.context.support.DependencyInjectionTestExecutionListener, org.springframework.test.context.support.DirtiesContextTestExecutionListener, org.springframework.test.context.transaction.TransactionalTestExecutionListener, org.springframework.test.context.jdbc.SqlScriptsTestExecutionListener, org.springframework.test.context.event.EventPublishingTestExecutionListener]
2022-01-16 11:56:56.049  INFO 18888 --- [    Test worker] .b.t.c.SpringBootTestContextBootstrapper : Using TestExecutionListeners: [org.springframework.test.context.web.ServletTestExecutionListener@614b8240, org.springframework.test.context.support.DirtiesContextBeforeModesTestExecutionListener@287c7d18, org.springframework.test.context.event.ApplicationEventsTestExecutionListener@7e58532b, org.springframework.boot.test.mock.mockito.MockitoTestExecutionListener@12e785ed, org.springframework.boot.test.autoconfigure.SpringBootDependencyInjectionTestExecutionListener@2f034c73, org.springframework.test.context.support.DirtiesContextTestExecutionListener@64dc6036, org.springframework.test.context.transaction.TransactionalTestExecutionListener@5821a68d, org.springframework.test.context.jdbc.SqlScriptsTestExecutionListener@76478889, org.springframework.security.test.context.support.WithSecurityContextTestExecutionListener@431222e6, org.springframework.test.context.event.EventPublishingTestExecutionListener@44483762, org.springframework.security.test.context.support.ReactorContextTestExecutionListener@1108e4a8, org.springframework.boot.test.autoconfigure.restdocs.RestDocsTestExecutionListener@5bc125c0, org.springframework.boot.test.autoconfigure.web.client.MockRestServiceServerResetTestExecutionListener@996294c, org.springframework.boot.test.autoconfigure.web.servlet.MockMvcPrintOnlyOnFailureTestExecutionListener@c60ec3b, org.springframework.boot.test.autoconfigure.web.servlet.WebDriverTestExecutionListener@5a1b74bb, org.springframework.boot.test.autoconfigure.webservices.client.MockWebServiceServerTestExecutionListener@826a51d, org.springframework.boot.test.mock.mockito.ResetMocksTestExecutionListener@30c2311c]

  .   ____          _            __ _ _
 /\\ / ___'_ __ _ _(_)_ __  __ _ \ \ \ \
( ( )\___ | '_ | '_| | '_ \/ _` | \ \ \ \
 \\/  ___)| |_)| | | | | || (_| |  ) ) ) )
  '  |____| .__|_| |_|_| |_\__, | / / / /
 =========|_|==============|___/=/_/_/_/
 :: Spring Boot ::                (v2.5.4)

2022-01-16 11:56:56.074  INFO 18888 --- [    Test worker] c.e.c.UserTests.UserControllerUnitTests  : Starting UserControllerUnitTests using Java 11.0.2 on DESKTOP-KA73S1F with PID 18888 (started by ?ordan in C:\Users\Jordan\Desktop\cinema-system)
2022-01-16 11:56:56.075  INFO 18888 --- [    Test worker] c.e.c.UserTests.UserControllerUnitTests  : No active profile set, falling back to default profiles: default
2022-01-16 11:56:56.599  INFO 18888 --- [    Test worker] o.s.s.web.DefaultSecurityFilterChain     : Will secure any request with [org.springframework.security.web.context.request.async.WebAsyncManagerIntegrationFilter@440cd2e2, org.springframework.security.web.context.SecurityContextPersistenceFilter@1aa238ec, org.springframework.security.web.header.HeaderWriterFilter@2b4cf532, org.springframework.web.filter.CorsFilter@337b9c53, org.springframework.security.web.authentication.logout.LogoutFilter@10f5585, com.example.cinemasystem.filter.JWTAuthenticationFilter@74f2e7cb, com.example.cinemasystem.filter.JWTAuthorizationFilter@e430481, org.springframework.security.web.savedrequest.RequestCacheAwareFilter@1ebf705, org.springframework.security.web.servletapi.SecurityContextHolderAwareRequestFilter@4d42676f, org.springframework.security.web.authentication.AnonymousAuthenticationFilter@2cfa4c69, org.springframework.security.web.session.SessionManagementFilter@123aabd9, org.springframework.security.web.access.ExceptionTranslationFilter@23e706a3, org.springframework.security.web.access.intercept.FilterSecurityInterceptor@1bfc26e2]
2022-01-16 11:56:56.818  INFO 18888 --- [    Test worker] o.s.m.s.b.SimpleBrokerMessageHandler     : Starting...
2022-01-16 11:56:56.819  INFO 18888 --- [    Test worker] o.s.m.s.b.SimpleBrokerMessageHandler     : BrokerAvailabilityEvent[available=true, SimpleBrokerMessageHandler [org.springframework.messaging.simp.broker.DefaultSubscriptionRegistry@79144292]]
2022-01-16 11:56:56.819  INFO 18888 --- [    Test worker] o.s.m.s.b.SimpleBrokerMessageHandler     : Started.
2022-01-16 11:56:56.821  INFO 18888 --- [    Test worker] c.e.c.UserTests.UserControllerUnitTests  : Started UserControllerUnitTests in 0.769 seconds (JVM running for 8.969)
]]></system-out>
  <system-err><![CDATA[]]></system-err>
</testsuite>
