<?xml version="1.0" encoding="UTF-8"?>
<testsuite name="com.example.cinemasystem.MovieTests.MovieServiceUnitTests" tests="10" skipped="0" failures="0" errors="0" timestamp="2021-12-21T09:34:30" hostname="DESKTOP-KA73S1F" time="0.125">
  <properties/>
  <testcase name="editMovieTest()" classname="com.example.cinemasystem.MovieTests.MovieServiceUnitTests" time="0.064"/>
  <testcase name="getTrailerOfMovieByIdTest()" classname="com.example.cinemasystem.MovieTests.MovieServiceUnitTests" time="0.012"/>
  <testcase name="deleteMovie()" classname="com.example.cinemasystem.MovieTests.MovieServiceUnitTests" time="0.006"/>
  <testcase name="getMovieByIdFailTest()" classname="com.example.cinemasystem.MovieTests.MovieServiceUnitTests" time="0.005"/>
  <testcase name="getTrailerOfMovieByIdFailTest()" classname="com.example.cinemasystem.MovieTests.MovieServiceUnitTests" time="0.004"/>
  <testcase name="getPosterOfMovieByIdTest()" classname="com.example.cinemasystem.MovieTests.MovieServiceUnitTests" time="0.005"/>
  <testcase name="addMovieTest()" classname="com.example.cinemasystem.MovieTests.MovieServiceUnitTests" time="0.007"/>
  <testcase name="getMovieByIdTest()" classname="com.example.cinemasystem.MovieTests.MovieServiceUnitTests" time="0.004"/>
  <testcase name="savePosterTestFail()" classname="com.example.cinemasystem.MovieTests.MovieServiceUnitTests" time="0.003"/>
  <testcase name="getPosterOfMovieByIdFailTest()" classname="com.example.cinemasystem.MovieTests.MovieServiceUnitTests" time="0.004"/>
  <system-out><![CDATA[11:34:26.268 [Test worker] DEBUG org.springframework.test.context.BootstrapUtils - Instantiating CacheAwareContextLoaderDelegate from class [org.springframework.test.context.cache.DefaultCacheAwareContextLoaderDelegate]
11:34:26.298 [Test worker] DEBUG org.springframework.test.context.BootstrapUtils - Instantiating BootstrapContext using constructor [public org.springframework.test.context.support.DefaultBootstrapContext(java.lang.Class,org.springframework.test.context.CacheAwareContextLoaderDelegate)]
11:34:26.362 [Test worker] DEBUG org.springframework.test.context.BootstrapUtils - Instantiating TestContextBootstrapper for test class [com.example.cinemasystem.MovieTests.MovieServiceUnitTests] from class [org.springframework.boot.test.context.SpringBootTestContextBootstrapper]
11:34:26.384 [Test worker] INFO org.springframework.boot.test.context.SpringBootTestContextBootstrapper - Neither @ContextConfiguration nor @ContextHierarchy found for test class [com.example.cinemasystem.MovieTests.MovieServiceUnitTests], using SpringBootContextLoader
11:34:26.392 [Test worker] DEBUG org.springframework.test.context.support.AbstractContextLoader - Did not detect default resource location for test class [com.example.cinemasystem.MovieTests.MovieServiceUnitTests]: class path resource [com/example/cinemasystem/MovieTests/MovieServiceUnitTests-context.xml] does not exist
11:34:26.393 [Test worker] DEBUG org.springframework.test.context.support.AbstractContextLoader - Did not detect default resource location for test class [com.example.cinemasystem.MovieTests.MovieServiceUnitTests]: class path resource [com/example/cinemasystem/MovieTests/MovieServiceUnitTestsContext.groovy] does not exist
11:34:26.393 [Test worker] INFO org.springframework.test.context.support.AbstractContextLoader - Could not detect default resource locations for test class [com.example.cinemasystem.MovieTests.MovieServiceUnitTests]: no resource found for suffixes {-context.xml, Context.groovy}.
11:34:26.394 [Test worker] INFO org.springframework.test.context.support.AnnotationConfigContextLoaderUtils - Could not detect default configuration classes for test class [com.example.cinemasystem.MovieTests.MovieServiceUnitTests]: MovieServiceUnitTests does not declare any static, non-private, non-final, nested classes annotated with @Configuration.
11:34:26.474 [Test worker] DEBUG org.springframework.test.context.support.ActiveProfilesUtils - Could not find an 'annotation declaring class' for annotation type [org.springframework.test.context.ActiveProfiles] and class [com.example.cinemasystem.MovieTests.MovieServiceUnitTests]
11:34:26.603 [Test worker] DEBUG org.springframework.context.annotation.ClassPathScanningCandidateComponentProvider - Identified candidate component class: file [C:\Users\Jordan\Desktop\cinema-system\cinema-system\build\classes\java\main\com\example\cinemasystem\CinemaSystemApplication.class]
11:34:26.604 [Test worker] INFO org.springframework.boot.test.context.SpringBootTestContextBootstrapper - Found @SpringBootConfiguration com.example.cinemasystem.CinemaSystemApplication for test class com.example.cinemasystem.MovieTests.MovieServiceUnitTests
11:34:26.759 [Test worker] DEBUG org.springframework.boot.test.context.SpringBootTestContextBootstrapper - @TestExecutionListeners is not present for class [com.example.cinemasystem.MovieTests.MovieServiceUnitTests]: using defaults.
11:34:26.760 [Test worker] INFO org.springframework.boot.test.context.SpringBootTestContextBootstrapper - Loaded default TestExecutionListener class names from location [META-INF/spring.factories]: [org.springframework.security.test.context.support.WithSecurityContextTestExecutionListener, org.springframework.security.test.context.support.ReactorContextTestExecutionListener, org.springframework.boot.test.autoconfigure.restdocs.RestDocsTestExecutionListener, org.springframework.boot.test.autoconfigure.web.client.MockRestServiceServerResetTestExecutionListener, org.springframework.boot.test.autoconfigure.web.servlet.MockMvcPrintOnlyOnFailureTestExecutionListener, org.springframework.boot.test.autoconfigure.web.servlet.WebDriverTestExecutionListener, org.springframework.boot.test.autoconfigure.webservices.client.MockWebServiceServerTestExecutionListener, org.springframework.boot.test.mock.mockito.MockitoTestExecutionListener, org.springframework.boot.test.mock.mockito.ResetMocksTestExecutionListener, org.springframework.test.context.web.ServletTestExecutionListener, org.springframework.test.context.support.DirtiesContextBeforeModesTestExecutionListener, org.springframework.test.context.event.ApplicationEventsTestExecutionListener, org.springframework.test.context.support.DependencyInjectionTestExecutionListener, org.springframework.test.context.support.DirtiesContextTestExecutionListener, org.springframework.test.context.transaction.TransactionalTestExecutionListener, org.springframework.test.context.jdbc.SqlScriptsTestExecutionListener, org.springframework.test.context.event.EventPublishingTestExecutionListener]
11:34:26.791 [Test worker] INFO org.springframework.boot.test.context.SpringBootTestContextBootstrapper - Using TestExecutionListeners: [org.springframework.test.context.web.ServletTestExecutionListener@5603857, org.springframework.test.context.support.DirtiesContextBeforeModesTestExecutionListener@79cb9d58, org.springframework.test.context.event.ApplicationEventsTestExecutionListener@17b03d7b, org.springframework.boot.test.mock.mockito.MockitoTestExecutionListener@1125c52e, org.springframework.boot.test.autoconfigure.SpringBootDependencyInjectionTestExecutionListener@1503e5dd, org.springframework.test.context.support.DirtiesContextTestExecutionListener@30878b78, org.springframework.test.context.transaction.TransactionalTestExecutionListener@264a33f6, org.springframework.test.context.jdbc.SqlScriptsTestExecutionListener@19799ea4, org.springframework.security.test.context.support.WithSecurityContextTestExecutionListener@13dead5b, org.springframework.test.context.event.EventPublishingTestExecutionListener@1f0e3813, org.springframework.security.test.context.support.ReactorContextTestExecutionListener@682c6d87, org.springframework.boot.test.autoconfigure.restdocs.RestDocsTestExecutionListener@3df54298, org.springframework.boot.test.autoconfigure.web.client.MockRestServiceServerResetTestExecutionListener@5ba79408, org.springframework.boot.test.autoconfigure.web.servlet.MockMvcPrintOnlyOnFailureTestExecutionListener@3507f1cf, org.springframework.boot.test.autoconfigure.web.servlet.WebDriverTestExecutionListener@3ecce2bd, org.springframework.boot.test.autoconfigure.webservices.client.MockWebServiceServerTestExecutionListener@293a967e, org.springframework.boot.test.mock.mockito.ResetMocksTestExecutionListener@4e5a5085]
11:34:26.796 [Test worker] DEBUG org.springframework.test.context.support.AbstractDirtiesContextTestExecutionListener - Before test class: context [DefaultTestContext@6dd8f4c5 testClass = MovieServiceUnitTests, testInstance = [null], testMethod = [null], testException = [null], mergedContextConfiguration = [WebMergedContextConfiguration@229d9e0d testClass = MovieServiceUnitTests, locations = '{}', classes = '{class com.example.cinemasystem.CinemaSystemApplication}', contextInitializerClasses = '[]', activeProfiles = '{}', propertySourceLocations = '{}', propertySourceProperties = '{org.springframework.boot.test.context.SpringBootTestContextBootstrapper=true}', contextCustomizers = set[org.springframework.boot.test.autoconfigure.actuate.metrics.MetricsExportContextCustomizerFactory$DisableMetricExportContextCustomizer@41780611, org.springframework.boot.test.autoconfigure.properties.PropertyMappingContextCustomizer@0, org.springframework.boot.test.autoconfigure.web.servlet.WebDriverContextCustomizerFactory$Customizer@2a35e503, org.springframework.boot.test.context.filter.ExcludeFilterContextCustomizer@4d266f11, org.springframework.boot.test.json.DuplicateJsonObjectContextCustomizerFactory$DuplicateJsonObjectContextCustomizer@660ed942, org.springframework.boot.test.mock.mockito.MockitoContextCustomizer@9ed884a9, org.springframework.boot.test.web.client.TestRestTemplateContextCustomizer@61040d58, org.springframework.boot.test.context.SpringBootTestArgs@1, org.springframework.boot.test.context.SpringBootTestWebEnvironment@193b5910], resourceBasePath = 'src/main/webapp', contextLoader = 'org.springframework.boot.test.context.SpringBootContextLoader', parent = [null]], attributes = map['org.springframework.test.context.web.ServletTestExecutionListener.activateListener' -> true]], class annotated with @DirtiesContext [false] with mode [null].
11:34:26.846 [Test worker] DEBUG org.springframework.test.context.support.TestPropertySourceUtils - Adding inlined properties to environment: {spring.jmx.enabled=false, org.springframework.boot.test.context.SpringBootTestContextBootstrapper=true}

  .   ____          _            __ _ _
 /\\ / ___'_ __ _ _(_)_ __  __ _ \ \ \ \
( ( )\___ | '_ | '_| | '_ \/ _` | \ \ \ \
 \\/  ___)| |_)| | | | | || (_| |  ) ) ) )
  '  |____| .__|_| |_|_| |_\__, | / / / /
 =========|_|==============|___/=/_/_/_/
 :: Spring Boot ::                (v2.5.4)

2021-12-21 11:34:27.217  INFO 23280 --- [    Test worker] c.e.c.MovieTests.MovieServiceUnitTests   : Starting MovieServiceUnitTests using Java 11.0.2 on DESKTOP-KA73S1F with PID 23280 (started by ?ordan in C:\Users\Jordan\Desktop\cinema-system\cinema-system)
2021-12-21 11:34:27.220  INFO 23280 --- [    Test worker] c.e.c.MovieTests.MovieServiceUnitTests   : No active profile set, falling back to default profiles: default
2021-12-21 11:34:29.712  INFO 23280 --- [    Test worker] o.s.s.web.DefaultSecurityFilterChain     : Will secure any request with [org.springframework.security.web.context.request.async.WebAsyncManagerIntegrationFilter@5e1ed0be, org.springframework.security.web.context.SecurityContextPersistenceFilter@48eca07b, org.springframework.security.web.header.HeaderWriterFilter@475346c9, org.springframework.web.filter.CorsFilter@13c2e114, org.springframework.security.web.authentication.logout.LogoutFilter@1bac7c7e, com.example.cinemasystem.filter.JWTAuthenticationFilter@70d35c01, com.example.cinemasystem.filter.JWTAuthorizationFilter@68f27742, org.springframework.security.web.savedrequest.RequestCacheAwareFilter@27123b46, org.springframework.security.web.servletapi.SecurityContextHolderAwareRequestFilter@4dd91834, org.springframework.security.web.authentication.AnonymousAuthenticationFilter@4041d1c2, org.springframework.security.web.session.SessionManagementFilter@6cbd6bb5, org.springframework.security.web.access.ExceptionTranslationFilter@ab573cf, org.springframework.security.web.access.intercept.FilterSecurityInterceptor@4be61dc2]
2021-12-21 11:34:30.556  INFO 23280 --- [    Test worker] c.e.c.MovieTests.MovieServiceUnitTests   : Started MovieServiceUnitTests in 3.698 seconds (JVM running for 5.697)
]]></system-out>
  <system-err><![CDATA[]]></system-err>
</testsuite>
