<?xml version="1.0" encoding="UTF-8"?>
<testsuite name="com.example.cinemasystem.UserTests.UserServiceUnitTests" tests="8" skipped="0" failures="0" errors="0" timestamp="2021-12-21T09:34:33" hostname="DESKTOP-KA73S1F" time="0.119">
  <properties/>
  <testcase name="getAccountByIdFailTest()" classname="com.example.cinemasystem.UserTests.UserServiceUnitTests" time="0.011"/>
  <testcase name="UserRegistrationTest()" classname="com.example.cinemasystem.UserTests.UserServiceUnitTests" time="0.081"/>
  <testcase name="getAccountByUsernameFailTest()" classname="com.example.cinemasystem.UserTests.UserServiceUnitTests" time="0.004"/>
  <testcase name="getAccountByUsernameTest()" classname="com.example.cinemasystem.UserTests.UserServiceUnitTests" time="0.003"/>
  <testcase name="getAllAccountsFailTest()" classname="com.example.cinemasystem.UserTests.UserServiceUnitTests" time="0.004"/>
  <testcase name="getAllAccountsTest()" classname="com.example.cinemasystem.UserTests.UserServiceUnitTests" time="0.003"/>
  <testcase name="getAccountByIdTest()" classname="com.example.cinemasystem.UserTests.UserServiceUnitTests" time="0.003"/>
  <testcase name="returnAccountByUsernameTest()" classname="com.example.cinemasystem.UserTests.UserServiceUnitTests" time="0.003"/>
  <system-out><![CDATA[2021-12-21 11:34:32.358  INFO 23280 --- [    Test worker] .b.t.c.SpringBootTestContextBootstrapper : Neither @ContextConfiguration nor @ContextHierarchy found for test class [com.example.cinemasystem.UserTests.UserServiceUnitTests], using SpringBootContextLoader
2021-12-21 11:34:32.359  INFO 23280 --- [    Test worker] o.s.t.c.support.AbstractContextLoader    : Could not detect default resource locations for test class [com.example.cinemasystem.UserTests.UserServiceUnitTests]: no resource found for suffixes {-context.xml, Context.groovy}.
2021-12-21 11:34:32.359  INFO 23280 --- [    Test worker] t.c.s.AnnotationConfigContextLoaderUtils : Could not detect default configuration classes for test class [com.example.cinemasystem.UserTests.UserServiceUnitTests]: UserServiceUnitTests does not declare any static, non-private, non-final, nested classes annotated with @Configuration.
2021-12-21 11:34:32.360  INFO 23280 --- [    Test worker] .b.t.c.SpringBootTestContextBootstrapper : Found @SpringBootConfiguration com.example.cinemasystem.CinemaSystemApplication for test class com.example.cinemasystem.UserTests.UserServiceUnitTests
2021-12-21 11:34:32.361  INFO 23280 --- [    Test worker] .b.t.c.SpringBootTestContextBootstrapper : Loaded default TestExecutionListener class names from location [META-INF/spring.factories]: [org.springframework.security.test.context.support.WithSecurityContextTestExecutionListener, org.springframework.security.test.context.support.ReactorContextTestExecutionListener, org.springframework.boot.test.autoconfigure.restdocs.RestDocsTestExecutionListener, org.springframework.boot.test.autoconfigure.web.client.MockRestServiceServerResetTestExecutionListener, org.springframework.boot.test.autoconfigure.web.servlet.MockMvcPrintOnlyOnFailureTestExecutionListener, org.springframework.boot.test.autoconfigure.web.servlet.WebDriverTestExecutionListener, org.springframework.boot.test.autoconfigure.webservices.client.MockWebServiceServerTestExecutionListener, org.springframework.boot.test.mock.mockito.MockitoTestExecutionListener, org.springframework.boot.test.mock.mockito.ResetMocksTestExecutionListener, org.springframework.test.context.web.ServletTestExecutionListener, org.springframework.test.context.support.DirtiesContextBeforeModesTestExecutionListener, org.springframework.test.context.event.ApplicationEventsTestExecutionListener, org.springframework.test.context.support.DependencyInjectionTestExecutionListener, org.springframework.test.context.support.DirtiesContextTestExecutionListener, org.springframework.test.context.transaction.TransactionalTestExecutionListener, org.springframework.test.context.jdbc.SqlScriptsTestExecutionListener, org.springframework.test.context.event.EventPublishingTestExecutionListener]
2021-12-21 11:34:32.362  INFO 23280 --- [    Test worker] .b.t.c.SpringBootTestContextBootstrapper : Using TestExecutionListeners: [org.springframework.test.context.web.ServletTestExecutionListener@74346662, org.springframework.test.context.support.DirtiesContextBeforeModesTestExecutionListener@dd2721, org.springframework.test.context.event.ApplicationEventsTestExecutionListener@5fa4a86a, org.springframework.boot.test.mock.mockito.MockitoTestExecutionListener@3b591c29, org.springframework.boot.test.autoconfigure.SpringBootDependencyInjectionTestExecutionListener@6c896a56, org.springframework.test.context.support.DirtiesContextTestExecutionListener@504bcc9, org.springframework.test.context.transaction.TransactionalTestExecutionListener@7f99b3fb, org.springframework.test.context.jdbc.SqlScriptsTestExecutionListener@cd24075, org.springframework.security.test.context.support.WithSecurityContextTestExecutionListener@2bae4063, org.springframework.test.context.event.EventPublishingTestExecutionListener@bec432b, org.springframework.security.test.context.support.ReactorContextTestExecutionListener@39d82fc6, org.springframework.boot.test.autoconfigure.restdocs.RestDocsTestExecutionListener@27971160, org.springframework.boot.test.autoconfigure.web.client.MockRestServiceServerResetTestExecutionListener@7ee3f0a9, org.springframework.boot.test.autoconfigure.web.servlet.MockMvcPrintOnlyOnFailureTestExecutionListener@177f1145, org.springframework.boot.test.autoconfigure.web.servlet.WebDriverTestExecutionListener@6f21aa73, org.springframework.boot.test.autoconfigure.webservices.client.MockWebServiceServerTestExecutionListener@7022bae6, org.springframework.boot.test.mock.mockito.ResetMocksTestExecutionListener@11257af3]

  .   ____          _            __ _ _
 /\\ / ___'_ __ _ _(_)_ __  __ _ \ \ \ \
( ( )\___ | '_ | '_| | '_ \/ _` | \ \ \ \
 \\/  ___)| |_)| | | | | || (_| |  ) ) ) )
  '  |____| .__|_| |_|_| |_\__, | / / / /
 =========|_|==============|___/=/_/_/_/
 :: Spring Boot ::                (v2.5.4)

2021-12-21 11:34:32.383  INFO 23280 --- [    Test worker] c.e.c.UserTests.UserServiceUnitTests     : Starting UserServiceUnitTests using Java 11.0.2 on DESKTOP-KA73S1F with PID 23280 (started by ?ordan in C:\Users\Jordan\Desktop\cinema-system\cinema-system)
2021-12-21 11:34:32.384  INFO 23280 --- [    Test worker] c.e.c.UserTests.UserServiceUnitTests     : No active profile set, falling back to default profiles: default
2021-12-21 11:34:32.756  INFO 23280 --- [    Test worker] o.s.s.web.DefaultSecurityFilterChain     : Will secure any request with [org.springframework.security.web.context.request.async.WebAsyncManagerIntegrationFilter@387c7e25, org.springframework.security.web.context.SecurityContextPersistenceFilter@7be1d597, org.springframework.security.web.header.HeaderWriterFilter@6d6f2f42, org.springframework.web.filter.CorsFilter@97f480e, org.springframework.security.web.authentication.logout.LogoutFilter@57f9471d, com.example.cinemasystem.filter.JWTAuthenticationFilter@5e3d389b, com.example.cinemasystem.filter.JWTAuthorizationFilter@3dc20d6c, org.springframework.security.web.savedrequest.RequestCacheAwareFilter@4d547cba, org.springframework.security.web.servletapi.SecurityContextHolderAwareRequestFilter@59554f6d, org.springframework.security.web.authentication.AnonymousAuthenticationFilter@6614c1a7, org.springframework.security.web.session.SessionManagementFilter@292a48a0, org.springframework.security.web.access.ExceptionTranslationFilter@76281564, org.springframework.security.web.access.intercept.FilterSecurityInterceptor@68cb212]
2021-12-21 11:34:33.045  INFO 23280 --- [    Test worker] c.e.c.UserTests.UserServiceUnitTests     : Started UserServiceUnitTests in 0.681 seconds (JVM running for 8.185)
]]></system-out>
  <system-err><![CDATA[]]></system-err>
</testsuite>
