<?xml version="1.0" encoding="UTF-8"?>
<testsuite name="com.example.cinemasystem.UserTests.UserControllerUnitTests" tests="2" skipped="0" failures="0" errors="0" timestamp="2021-12-21T09:34:32" hostname="DESKTOP-KA73S1F" time="0.013">
  <properties/>
  <testcase name="userRegistrationTest()" classname="com.example.cinemasystem.UserTests.UserControllerUnitTests" time="0.006"/>
  <testcase name="getAccountByIdTest()" classname="com.example.cinemasystem.UserTests.UserControllerUnitTests" time="0.006"/>
  <system-out><![CDATA[2021-12-21 11:34:31.577  INFO 23280 --- [    Test worker] .b.t.c.SpringBootTestContextBootstrapper : Neither @ContextConfiguration nor @ContextHierarchy found for test class [com.example.cinemasystem.UserTests.UserControllerUnitTests], using SpringBootContextLoader
2021-12-21 11:34:31.577  INFO 23280 --- [    Test worker] o.s.t.c.support.AbstractContextLoader    : Could not detect default resource locations for test class [com.example.cinemasystem.UserTests.UserControllerUnitTests]: no resource found for suffixes {-context.xml, Context.groovy}.
2021-12-21 11:34:31.578  INFO 23280 --- [    Test worker] t.c.s.AnnotationConfigContextLoaderUtils : Could not detect default configuration classes for test class [com.example.cinemasystem.UserTests.UserControllerUnitTests]: UserControllerUnitTests does not declare any static, non-private, non-final, nested classes annotated with @Configuration.
2021-12-21 11:34:31.583  INFO 23280 --- [    Test worker] .b.t.c.SpringBootTestContextBootstrapper : Found @SpringBootConfiguration com.example.cinemasystem.CinemaSystemApplication for test class com.example.cinemasystem.UserTests.UserControllerUnitTests
2021-12-21 11:34:31.585  INFO 23280 --- [    Test worker] .b.t.c.SpringBootTestContextBootstrapper : Loaded default TestExecutionListener class names from location [META-INF/spring.factories]: [org.springframework.security.test.context.support.WithSecurityContextTestExecutionListener, org.springframework.security.test.context.support.ReactorContextTestExecutionListener, org.springframework.boot.test.autoconfigure.restdocs.RestDocsTestExecutionListener, org.springframework.boot.test.autoconfigure.web.client.MockRestServiceServerResetTestExecutionListener, org.springframework.boot.test.autoconfigure.web.servlet.MockMvcPrintOnlyOnFailureTestExecutionListener, org.springframework.boot.test.autoconfigure.web.servlet.WebDriverTestExecutionListener, org.springframework.boot.test.autoconfigure.webservices.client.MockWebServiceServerTestExecutionListener, org.springframework.boot.test.mock.mockito.MockitoTestExecutionListener, org.springframework.boot.test.mock.mockito.ResetMocksTestExecutionListener, org.springframework.test.context.web.ServletTestExecutionListener, org.springframework.test.context.support.DirtiesContextBeforeModesTestExecutionListener, org.springframework.test.context.event.ApplicationEventsTestExecutionListener, org.springframework.test.context.support.DependencyInjectionTestExecutionListener, org.springframework.test.context.support.DirtiesContextTestExecutionListener, org.springframework.test.context.transaction.TransactionalTestExecutionListener, org.springframework.test.context.jdbc.SqlScriptsTestExecutionListener, org.springframework.test.context.event.EventPublishingTestExecutionListener]
2021-12-21 11:34:31.586  INFO 23280 --- [    Test worker] .b.t.c.SpringBootTestContextBootstrapper : Using TestExecutionListeners: [org.springframework.test.context.web.ServletTestExecutionListener@51d3e6e9, org.springframework.test.context.support.DirtiesContextBeforeModesTestExecutionListener@1d9f7764, org.springframework.test.context.event.ApplicationEventsTestExecutionListener@7d7545d7, org.springframework.boot.test.mock.mockito.MockitoTestExecutionListener@ad4ae97, org.springframework.boot.test.autoconfigure.SpringBootDependencyInjectionTestExecutionListener@44fee58a, org.springframework.test.context.support.DirtiesContextTestExecutionListener@22bc8e26, org.springframework.test.context.transaction.TransactionalTestExecutionListener@75b03c5b, org.springframework.test.context.jdbc.SqlScriptsTestExecutionListener@5abf946c, org.springframework.security.test.context.support.WithSecurityContextTestExecutionListener@695ef804, org.springframework.test.context.event.EventPublishingTestExecutionListener@2fd586b7, org.springframework.security.test.context.support.ReactorContextTestExecutionListener@5bf335f2, org.springframework.boot.test.autoconfigure.restdocs.RestDocsTestExecutionListener@7d49d614, org.springframework.boot.test.autoconfigure.web.client.MockRestServiceServerResetTestExecutionListener@63498f61, org.springframework.boot.test.autoconfigure.web.servlet.MockMvcPrintOnlyOnFailureTestExecutionListener@602a5d81, org.springframework.boot.test.autoconfigure.web.servlet.WebDriverTestExecutionListener@22b4b8d3, org.springframework.boot.test.autoconfigure.webservices.client.MockWebServiceServerTestExecutionListener@11fe33e7, org.springframework.boot.test.mock.mockito.ResetMocksTestExecutionListener@3ee3943e]

  .   ____          _            __ _ _
 /\\ / ___'_ __ _ _(_)_ __  __ _ \ \ \ \
( ( )\___ | '_ | '_| | '_ \/ _` | \ \ \ \
 \\/  ___)| |_)| | | | | || (_| |  ) ) ) )
  '  |____| .__|_| |_|_| |_\__, | / / / /
 =========|_|==============|___/=/_/_/_/
 :: Spring Boot ::                (v2.5.4)

2021-12-21 11:34:31.613  INFO 23280 --- [    Test worker] c.e.c.UserTests.UserControllerUnitTests  : Starting UserControllerUnitTests using Java 11.0.2 on DESKTOP-KA73S1F with PID 23280 (started by ?ordan in C:\Users\Jordan\Desktop\cinema-system\cinema-system)
2021-12-21 11:34:31.613  INFO 23280 --- [    Test worker] c.e.c.UserTests.UserControllerUnitTests  : No active profile set, falling back to default profiles: default
2021-12-21 11:34:32.013  INFO 23280 --- [    Test worker] o.s.s.web.DefaultSecurityFilterChain     : Will secure any request with [org.springframework.security.web.context.request.async.WebAsyncManagerIntegrationFilter@68fe9be0, org.springframework.security.web.context.SecurityContextPersistenceFilter@63b79250, org.springframework.security.web.header.HeaderWriterFilter@5519214d, org.springframework.web.filter.CorsFilter@7dada4d0, org.springframework.security.web.authentication.logout.LogoutFilter@272807d1, com.example.cinemasystem.filter.JWTAuthenticationFilter@576ba00e, com.example.cinemasystem.filter.JWTAuthorizationFilter@4cb8f6ab, org.springframework.security.web.savedrequest.RequestCacheAwareFilter@2d367c71, org.springframework.security.web.servletapi.SecurityContextHolderAwareRequestFilter@31b933d3, org.springframework.security.web.authentication.AnonymousAuthenticationFilter@50855547, org.springframework.security.web.session.SessionManagementFilter@69a400d5, org.springframework.security.web.access.ExceptionTranslationFilter@6da46d6a, org.springframework.security.web.access.intercept.FilterSecurityInterceptor@4ceaf45c]
2021-12-21 11:34:32.339  INFO 23280 --- [    Test worker] c.e.c.UserTests.UserControllerUnitTests  : Started UserControllerUnitTests in 0.749 seconds (JVM running for 7.479)
]]></system-out>
  <system-err><![CDATA[]]></system-err>
</testsuite>
