<?xml version="1.0" encoding="UTF-8"?>
<testsuite name="com.example.cinemasystem.MovieTests.MovieServiceUnitTests" tests="9" skipped="0" failures="0" errors="0" timestamp="2022-01-16T10:56:54" hostname="DESKTOP-KA73S1F" time="0.054">
  <properties/>
  <testcase name="editMovieTest()" classname="com.example.cinemasystem.MovieTests.MovieServiceUnitTests" time="0.006"/>
  <testcase name="getTrailerOfMovieByIdTest()" classname="com.example.cinemasystem.MovieTests.MovieServiceUnitTests" time="0.004"/>
  <testcase name="deleteMovie()" classname="com.example.cinemasystem.MovieTests.MovieServiceUnitTests" time="0.008"/>
  <testcase name="getMovieByIdFailTest()" classname="com.example.cinemasystem.MovieTests.MovieServiceUnitTests" time="0.005"/>
  <testcase name="getTrailerOfMovieByIdFailTest()" classname="com.example.cinemasystem.MovieTests.MovieServiceUnitTests" time="0.003"/>
  <testcase name="getPosterOfMovieByIdTest()" classname="com.example.cinemasystem.MovieTests.MovieServiceUnitTests" time="0.005"/>
  <testcase name="addMovieTest()" classname="com.example.cinemasystem.MovieTests.MovieServiceUnitTests" time="0.006"/>
  <testcase name="getMovieByIdTest()" classname="com.example.cinemasystem.MovieTests.MovieServiceUnitTests" time="0.005"/>
  <testcase name="getPosterOfMovieByIdFailTest()" classname="com.example.cinemasystem.MovieTests.MovieServiceUnitTests" time="0.004"/>
  <system-out><![CDATA[2022-01-16 11:56:53.241  INFO 18888 --- [    Test worker] .b.t.c.SpringBootTestContextBootstrapper : Neither @ContextConfiguration nor @ContextHierarchy found for test class [com.example.cinemasystem.MovieTests.MovieServiceUnitTests], using SpringBootContextLoader
2022-01-16 11:56:53.242  INFO 18888 --- [    Test worker] o.s.t.c.support.AbstractContextLoader    : Could not detect default resource locations for test class [com.example.cinemasystem.MovieTests.MovieServiceUnitTests]: no resource found for suffixes {-context.xml, Context.groovy}.
2022-01-16 11:56:53.242  INFO 18888 --- [    Test worker] t.c.s.AnnotationConfigContextLoaderUtils : Could not detect default configuration classes for test class [com.example.cinemasystem.MovieTests.MovieServiceUnitTests]: MovieServiceUnitTests does not declare any static, non-private, non-final, nested classes annotated with @Configuration.
2022-01-16 11:56:53.243  INFO 18888 --- [    Test worker] .b.t.c.SpringBootTestContextBootstrapper : Found @SpringBootConfiguration com.example.cinemasystem.CinemaSystemApplication for test class com.example.cinemasystem.MovieTests.MovieServiceUnitTests
2022-01-16 11:56:53.245  INFO 18888 --- [    Test worker] .b.t.c.SpringBootTestContextBootstrapper : Loaded default TestExecutionListener class names from location [META-INF/spring.factories]: [org.springframework.security.test.context.support.WithSecurityContextTestExecutionListener, org.springframework.security.test.context.support.ReactorContextTestExecutionListener, org.springframework.boot.test.autoconfigure.restdocs.RestDocsTestExecutionListener, org.springframework.boot.test.autoconfigure.web.client.MockRestServiceServerResetTestExecutionListener, org.springframework.boot.test.autoconfigure.web.servlet.MockMvcPrintOnlyOnFailureTestExecutionListener, org.springframework.boot.test.autoconfigure.web.servlet.WebDriverTestExecutionListener, org.springframework.boot.test.autoconfigure.webservices.client.MockWebServiceServerTestExecutionListener, org.springframework.boot.test.mock.mockito.MockitoTestExecutionListener, org.springframework.boot.test.mock.mockito.ResetMocksTestExecutionListener, org.springframework.test.context.web.ServletTestExecutionListener, org.springframework.test.context.support.DirtiesContextBeforeModesTestExecutionListener, org.springframework.test.context.event.ApplicationEventsTestExecutionListener, org.springframework.test.context.support.DependencyInjectionTestExecutionListener, org.springframework.test.context.support.DirtiesContextTestExecutionListener, org.springframework.test.context.transaction.TransactionalTestExecutionListener, org.springframework.test.context.jdbc.SqlScriptsTestExecutionListener, org.springframework.test.context.event.EventPublishingTestExecutionListener]
2022-01-16 11:56:53.246  INFO 18888 --- [    Test worker] .b.t.c.SpringBootTestContextBootstrapper : Using TestExecutionListeners: [org.springframework.test.context.web.ServletTestExecutionListener@1f16f011, org.springframework.test.context.support.DirtiesContextBeforeModesTestExecutionListener@20b5c6a6, org.springframework.test.context.event.ApplicationEventsTestExecutionListener@3c0e08d9, org.springframework.boot.test.mock.mockito.MockitoTestExecutionListener@62b4ba10, org.springframework.boot.test.autoconfigure.SpringBootDependencyInjectionTestExecutionListener@4a0a582f, org.springframework.test.context.support.DirtiesContextTestExecutionListener@4404273e, org.springframework.test.context.transaction.TransactionalTestExecutionListener@880b7a7, org.springframework.test.context.jdbc.SqlScriptsTestExecutionListener@4f23e89d, org.springframework.security.test.context.support.WithSecurityContextTestExecutionListener@57f01a76, org.springframework.test.context.event.EventPublishingTestExecutionListener@3228ea61, org.springframework.security.test.context.support.ReactorContextTestExecutionListener@3f185e0c, org.springframework.boot.test.autoconfigure.restdocs.RestDocsTestExecutionListener@6faf3e72, org.springframework.boot.test.autoconfigure.web.client.MockRestServiceServerResetTestExecutionListener@38dbaa5b, org.springframework.boot.test.autoconfigure.web.servlet.MockMvcPrintOnlyOnFailureTestExecutionListener@4dd524c3, org.springframework.boot.test.autoconfigure.web.servlet.WebDriverTestExecutionListener@30c0eb4b, org.springframework.boot.test.autoconfigure.webservices.client.MockWebServiceServerTestExecutionListener@260a1f8f, org.springframework.boot.test.mock.mockito.ResetMocksTestExecutionListener@43e6f067]

  .   ____          _            __ _ _
 /\\ / ___'_ __ _ _(_)_ __  __ _ \ \ \ \
( ( )\___ | '_ | '_| | '_ \/ _` | \ \ \ \
 \\/  ___)| |_)| | | | | || (_| |  ) ) ) )
  '  |____| .__|_| |_|_| |_\__, | / / / /
 =========|_|==============|___/=/_/_/_/
 :: Spring Boot ::                (v2.5.4)

2022-01-16 11:56:53.280  INFO 18888 --- [    Test worker] c.e.c.MovieTests.MovieServiceUnitTests   : Starting MovieServiceUnitTests using Java 11.0.2 on DESKTOP-KA73S1F with PID 18888 (started by ?ordan in C:\Users\Jordan\Desktop\cinema-system)
2022-01-16 11:56:53.281  INFO 18888 --- [    Test worker] c.e.c.MovieTests.MovieServiceUnitTests   : No active profile set, falling back to default profiles: default
2022-01-16 11:56:53.961  INFO 18888 --- [    Test worker] o.s.s.web.DefaultSecurityFilterChain     : Will secure any request with [org.springframework.security.web.context.request.async.WebAsyncManagerIntegrationFilter@d9d2dea, org.springframework.security.web.context.SecurityContextPersistenceFilter@29ab5f51, org.springframework.security.web.header.HeaderWriterFilter@7b86754e, org.springframework.web.filter.CorsFilter@ed033c, org.springframework.security.web.authentication.logout.LogoutFilter@7f3fb36d, com.example.cinemasystem.filter.JWTAuthenticationFilter@25d88f4e, com.example.cinemasystem.filter.JWTAuthorizationFilter@2ed63a6, org.springframework.security.web.savedrequest.RequestCacheAwareFilter@7bd65e10, org.springframework.security.web.servletapi.SecurityContextHolderAwareRequestFilter@33327821, org.springframework.security.web.authentication.AnonymousAuthenticationFilter@667bec6c, org.springframework.security.web.session.SessionManagementFilter@2003e275, org.springframework.security.web.access.ExceptionTranslationFilter@5cb1c3cf, org.springframework.security.web.access.intercept.FilterSecurityInterceptor@1a87b2a9]
2022-01-16 11:56:54.184  INFO 18888 --- [    Test worker] o.s.m.s.b.SimpleBrokerMessageHandler     : Starting...
2022-01-16 11:56:54.185  INFO 18888 --- [    Test worker] o.s.m.s.b.SimpleBrokerMessageHandler     : BrokerAvailabilityEvent[available=true, SimpleBrokerMessageHandler [org.springframework.messaging.simp.broker.DefaultSubscriptionRegistry@7c2b99af]]
2022-01-16 11:56:54.185  INFO 18888 --- [    Test worker] o.s.m.s.b.SimpleBrokerMessageHandler     : Started.
2022-01-16 11:56:54.187  INFO 18888 --- [    Test worker] c.e.c.MovieTests.MovieServiceUnitTests   : Started MovieServiceUnitTests in 0.937 seconds (JVM running for 6.334)
]]></system-out>
  <system-err><![CDATA[]]></system-err>
</testsuite>
