<?xml version="1.0" encoding="UTF-8"?>
<testsuite name="com.example.cinemasystem.ReservationTests.ReservationServiceUnitTests" tests="1" skipped="0" failures="0" errors="0" timestamp="2022-01-16T10:56:56" hostname="DESKTOP-KA73S1F" time="0.031">
  <properties/>
  <testcase name="makeReservationTest()" classname="com.example.cinemasystem.ReservationTests.ReservationServiceUnitTests" time="0.031"/>
  <system-out><![CDATA[2022-01-16 11:56:55.137  INFO 18888 --- [    Test worker] .b.t.c.SpringBootTestContextBootstrapper : Neither @ContextConfiguration nor @ContextHierarchy found for test class [com.example.cinemasystem.ReservationTests.ReservationServiceUnitTests], using SpringBootContextLoader
2022-01-16 11:56:55.138  INFO 18888 --- [    Test worker] o.s.t.c.support.AbstractContextLoader    : Could not detect default resource locations for test class [com.example.cinemasystem.ReservationTests.ReservationServiceUnitTests]: no resource found for suffixes {-context.xml, Context.groovy}.
2022-01-16 11:56:55.138  INFO 18888 --- [    Test worker] t.c.s.AnnotationConfigContextLoaderUtils : Could not detect default configuration classes for test class [com.example.cinemasystem.ReservationTests.ReservationServiceUnitTests]: ReservationServiceUnitTests does not declare any static, non-private, non-final, nested classes annotated with @Configuration.
2022-01-16 11:56:55.139  INFO 18888 --- [    Test worker] .b.t.c.SpringBootTestContextBootstrapper : Found @SpringBootConfiguration com.example.cinemasystem.CinemaSystemApplication for test class com.example.cinemasystem.ReservationTests.ReservationServiceUnitTests
2022-01-16 11:56:55.141  INFO 18888 --- [    Test worker] .b.t.c.SpringBootTestContextBootstrapper : Loaded default TestExecutionListener class names from location [META-INF/spring.factories]: [org.springframework.security.test.context.support.WithSecurityContextTestExecutionListener, org.springframework.security.test.context.support.ReactorContextTestExecutionListener, org.springframework.boot.test.autoconfigure.restdocs.RestDocsTestExecutionListener, org.springframework.boot.test.autoconfigure.web.client.MockRestServiceServerResetTestExecutionListener, org.springframework.boot.test.autoconfigure.web.servlet.MockMvcPrintOnlyOnFailureTestExecutionListener, org.springframework.boot.test.autoconfigure.web.servlet.WebDriverTestExecutionListener, org.springframework.boot.test.autoconfigure.webservices.client.MockWebServiceServerTestExecutionListener, org.springframework.boot.test.mock.mockito.MockitoTestExecutionListener, org.springframework.boot.test.mock.mockito.ResetMocksTestExecutionListener, org.springframework.test.context.web.ServletTestExecutionListener, org.springframework.test.context.support.DirtiesContextBeforeModesTestExecutionListener, org.springframework.test.context.event.ApplicationEventsTestExecutionListener, org.springframework.test.context.support.DependencyInjectionTestExecutionListener, org.springframework.test.context.support.DirtiesContextTestExecutionListener, org.springframework.test.context.transaction.TransactionalTestExecutionListener, org.springframework.test.context.jdbc.SqlScriptsTestExecutionListener, org.springframework.test.context.event.EventPublishingTestExecutionListener]
2022-01-16 11:56:55.142  INFO 18888 --- [    Test worker] .b.t.c.SpringBootTestContextBootstrapper : Using TestExecutionListeners: [org.springframework.test.context.web.ServletTestExecutionListener@2ad9f17b, org.springframework.test.context.support.DirtiesContextBeforeModesTestExecutionListener@1fd18af2, org.springframework.test.context.event.ApplicationEventsTestExecutionListener@545f4a37, org.springframework.boot.test.mock.mockito.MockitoTestExecutionListener@2ada7762, org.springframework.boot.test.autoconfigure.SpringBootDependencyInjectionTestExecutionListener@4fed196b, org.springframework.test.context.support.DirtiesContextTestExecutionListener@5cf89c7e, org.springframework.test.context.transaction.TransactionalTestExecutionListener@72586b24, org.springframework.test.context.jdbc.SqlScriptsTestExecutionListener@b40736a, org.springframework.security.test.context.support.WithSecurityContextTestExecutionListener@2cc10528, org.springframework.test.context.event.EventPublishingTestExecutionListener@344277a2, org.springframework.security.test.context.support.ReactorContextTestExecutionListener@5722b45, org.springframework.boot.test.autoconfigure.restdocs.RestDocsTestExecutionListener@d21c3a2, org.springframework.boot.test.autoconfigure.web.client.MockRestServiceServerResetTestExecutionListener@29ed6f6b, org.springframework.boot.test.autoconfigure.web.servlet.MockMvcPrintOnlyOnFailureTestExecutionListener@eb5f293, org.springframework.boot.test.autoconfigure.web.servlet.WebDriverTestExecutionListener@1a89c803, org.springframework.boot.test.autoconfigure.webservices.client.MockWebServiceServerTestExecutionListener@19b63423, org.springframework.boot.test.mock.mockito.ResetMocksTestExecutionListener@5b628649]

  .   ____          _            __ _ _
 /\\ / ___'_ __ _ _(_)_ __  __ _ \ \ \ \
( ( )\___ | '_ | '_| | '_ \/ _` | \ \ \ \
 \\/  ___)| |_)| | | | | || (_| |  ) ) ) )
  '  |____| .__|_| |_|_| |_\__, | / / / /
 =========|_|==============|___/=/_/_/_/
 :: Spring Boot ::                (v2.5.4)

2022-01-16 11:56:55.162  INFO 18888 --- [    Test worker] c.e.c.R.ReservationServiceUnitTests      : Starting ReservationServiceUnitTests using Java 11.0.2 on DESKTOP-KA73S1F with PID 18888 (started by ?ordan in C:\Users\Jordan\Desktop\cinema-system)
2022-01-16 11:56:55.162  INFO 18888 --- [    Test worker] c.e.c.R.ReservationServiceUnitTests      : No active profile set, falling back to default profiles: default
2022-01-16 11:56:55.763  INFO 18888 --- [    Test worker] o.s.s.web.DefaultSecurityFilterChain     : Will secure any request with [org.springframework.security.web.context.request.async.WebAsyncManagerIntegrationFilter@59f277bb, org.springframework.security.web.context.SecurityContextPersistenceFilter@1317b0ab, org.springframework.security.web.header.HeaderWriterFilter@1d4b5212, org.springframework.web.filter.CorsFilter@574bfbd, org.springframework.security.web.authentication.logout.LogoutFilter@3f4db142, com.example.cinemasystem.filter.JWTAuthenticationFilter@688bdcd5, com.example.cinemasystem.filter.JWTAuthorizationFilter@224c8564, org.springframework.security.web.savedrequest.RequestCacheAwareFilter@a883160, org.springframework.security.web.servletapi.SecurityContextHolderAwareRequestFilter@4d9429e1, org.springframework.security.web.authentication.AnonymousAuthenticationFilter@68c96139, org.springframework.security.web.session.SessionManagementFilter@1d38302c, org.springframework.security.web.access.ExceptionTranslationFilter@42ab65ac, org.springframework.security.web.access.intercept.FilterSecurityInterceptor@7a061179]
2022-01-16 11:56:55.985  INFO 18888 --- [    Test worker] o.s.m.s.b.SimpleBrokerMessageHandler     : Starting...
2022-01-16 11:56:55.985  INFO 18888 --- [    Test worker] o.s.m.s.b.SimpleBrokerMessageHandler     : BrokerAvailabilityEvent[available=true, SimpleBrokerMessageHandler [org.springframework.messaging.simp.broker.DefaultSubscriptionRegistry@13e7a405]]
2022-01-16 11:56:55.985  INFO 18888 --- [    Test worker] o.s.m.s.b.SimpleBrokerMessageHandler     : Started.
2022-01-16 11:56:55.988  INFO 18888 --- [    Test worker] c.e.c.R.ReservationServiceUnitTests      : Started ReservationServiceUnitTests in 0.843 seconds (JVM running for 8.136)
]]></system-out>
  <system-err><![CDATA[]]></system-err>
</testsuite>
