<?xml version="1.0" encoding="UTF-8"?>
<testsuite name="com.example.cinemasystem.ReservationTests.ReservationContollerUnitTests" tests="1" skipped="0" failures="0" errors="0" timestamp="2022-01-16T10:56:55" hostname="DESKTOP-KA73S1F" time="0.012">
  <properties/>
  <testcase name="makeReservation2Test()" classname="com.example.cinemasystem.ReservationTests.ReservationContollerUnitTests" time="0.012"/>
  <system-out><![CDATA[2022-01-16 11:56:54.246  INFO 18888 --- [    Test worker] .b.t.c.SpringBootTestContextBootstrapper : Neither @ContextConfiguration nor @ContextHierarchy found for test class [com.example.cinemasystem.ReservationTests.ReservationContollerUnitTests], using SpringBootContextLoader
2022-01-16 11:56:54.247  INFO 18888 --- [    Test worker] o.s.t.c.support.AbstractContextLoader    : Could not detect default resource locations for test class [com.example.cinemasystem.ReservationTests.ReservationContollerUnitTests]: no resource found for suffixes {-context.xml, Context.groovy}.
2022-01-16 11:56:54.247  INFO 18888 --- [    Test worker] t.c.s.AnnotationConfigContextLoaderUtils : Could not detect default configuration classes for test class [com.example.cinemasystem.ReservationTests.ReservationContollerUnitTests]: ReservationContollerUnitTests does not declare any static, non-private, non-final, nested classes annotated with @Configuration.
2022-01-16 11:56:54.254  INFO 18888 --- [    Test worker] .b.t.c.SpringBootTestContextBootstrapper : Found @SpringBootConfiguration com.example.cinemasystem.CinemaSystemApplication for test class com.example.cinemasystem.ReservationTests.ReservationContollerUnitTests
2022-01-16 11:56:54.257  INFO 18888 --- [    Test worker] .b.t.c.SpringBootTestContextBootstrapper : Loaded default TestExecutionListener class names from location [META-INF/spring.factories]: [org.springframework.security.test.context.support.WithSecurityContextTestExecutionListener, org.springframework.security.test.context.support.ReactorContextTestExecutionListener, org.springframework.boot.test.autoconfigure.restdocs.RestDocsTestExecutionListener, org.springframework.boot.test.autoconfigure.web.client.MockRestServiceServerResetTestExecutionListener, org.springframework.boot.test.autoconfigure.web.servlet.MockMvcPrintOnlyOnFailureTestExecutionListener, org.springframework.boot.test.autoconfigure.web.servlet.WebDriverTestExecutionListener, org.springframework.boot.test.autoconfigure.webservices.client.MockWebServiceServerTestExecutionListener, org.springframework.boot.test.mock.mockito.MockitoTestExecutionListener, org.springframework.boot.test.mock.mockito.ResetMocksTestExecutionListener, org.springframework.test.context.web.ServletTestExecutionListener, org.springframework.test.context.support.DirtiesContextBeforeModesTestExecutionListener, org.springframework.test.context.event.ApplicationEventsTestExecutionListener, org.springframework.test.context.support.DependencyInjectionTestExecutionListener, org.springframework.test.context.support.DirtiesContextTestExecutionListener, org.springframework.test.context.transaction.TransactionalTestExecutionListener, org.springframework.test.context.jdbc.SqlScriptsTestExecutionListener, org.springframework.test.context.event.EventPublishingTestExecutionListener]
2022-01-16 11:56:54.257  INFO 18888 --- [    Test worker] .b.t.c.SpringBootTestContextBootstrapper : Using TestExecutionListeners: [org.springframework.test.context.web.ServletTestExecutionListener@359988f6, org.springframework.test.context.support.DirtiesContextBeforeModesTestExecutionListener@7957a3f4, org.springframework.test.context.event.ApplicationEventsTestExecutionListener@78d1b323, org.springframework.boot.test.mock.mockito.MockitoTestExecutionListener@2fa13f4c, org.springframework.boot.test.autoconfigure.SpringBootDependencyInjectionTestExecutionListener@5686dc76, org.springframework.test.context.support.DirtiesContextTestExecutionListener@120a8d51, org.springframework.test.context.transaction.TransactionalTestExecutionListener@67b76c98, org.springframework.test.context.jdbc.SqlScriptsTestExecutionListener@41ca747d, org.springframework.security.test.context.support.WithSecurityContextTestExecutionListener@214f655e, org.springframework.test.context.event.EventPublishingTestExecutionListener@67690423, org.springframework.security.test.context.support.ReactorContextTestExecutionListener@3be677fa, org.springframework.boot.test.autoconfigure.restdocs.RestDocsTestExecutionListener@291d8567, org.springframework.boot.test.autoconfigure.web.client.MockRestServiceServerResetTestExecutionListener@7322608f, org.springframework.boot.test.autoconfigure.web.servlet.MockMvcPrintOnlyOnFailureTestExecutionListener@5c452ad4, org.springframework.boot.test.autoconfigure.web.servlet.WebDriverTestExecutionListener@5414cf01, org.springframework.boot.test.autoconfigure.webservices.client.MockWebServiceServerTestExecutionListener@11675e59, org.springframework.boot.test.mock.mockito.ResetMocksTestExecutionListener@71a172e2]

  .   ____          _            __ _ _
 /\\ / ___'_ __ _ _(_)_ __  __ _ \ \ \ \
( ( )\___ | '_ | '_| | '_ \/ _` | \ \ \ \
 \\/  ___)| |_)| | | | | || (_| |  ) ) ) )
  '  |____| .__|_| |_|_| |_\__, | / / / /
 =========|_|==============|___/=/_/_/_/
 :: Spring Boot ::                (v2.5.4)

2022-01-16 11:56:54.283  INFO 18888 --- [    Test worker] c.e.c.R.ReservationContollerUnitTests    : Starting ReservationContollerUnitTests using Java 11.0.2 on DESKTOP-KA73S1F with PID 18888 (started by ?ordan in C:\Users\Jordan\Desktop\cinema-system)
2022-01-16 11:56:54.284  INFO 18888 --- [    Test worker] c.e.c.R.ReservationContollerUnitTests    : No active profile set, falling back to default profiles: default
2022-01-16 11:56:54.872  INFO 18888 --- [    Test worker] o.s.s.web.DefaultSecurityFilterChain     : Will secure any request with [org.springframework.security.web.context.request.async.WebAsyncManagerIntegrationFilter@6f38cae2, org.springframework.security.web.context.SecurityContextPersistenceFilter@273532e7, org.springframework.security.web.header.HeaderWriterFilter@41d4162e, org.springframework.web.filter.CorsFilter@7dd2400a, org.springframework.security.web.authentication.logout.LogoutFilter@7c41191f, com.example.cinemasystem.filter.JWTAuthenticationFilter@14a0a45a, com.example.cinemasystem.filter.JWTAuthorizationFilter@66300f62, org.springframework.security.web.savedrequest.RequestCacheAwareFilter@7002c371, org.springframework.security.web.servletapi.SecurityContextHolderAwareRequestFilter@1106de39, org.springframework.security.web.authentication.AnonymousAuthenticationFilter@4f76b69c, org.springframework.security.web.session.SessionManagementFilter@531603cd, org.springframework.security.web.access.ExceptionTranslationFilter@e0b3d65, org.springframework.security.web.access.intercept.FilterSecurityInterceptor@39796377]
2022-01-16 11:56:55.116  INFO 18888 --- [    Test worker] o.s.m.s.b.SimpleBrokerMessageHandler     : Starting...
2022-01-16 11:56:55.116  INFO 18888 --- [    Test worker] o.s.m.s.b.SimpleBrokerMessageHandler     : BrokerAvailabilityEvent[available=true, SimpleBrokerMessageHandler [org.springframework.messaging.simp.broker.DefaultSubscriptionRegistry@42f38a59]]
2022-01-16 11:56:55.117  INFO 18888 --- [    Test worker] o.s.m.s.b.SimpleBrokerMessageHandler     : Started.
2022-01-16 11:56:55.118  INFO 18888 --- [    Test worker] c.e.c.R.ReservationContollerUnitTests    : Started ReservationContollerUnitTests in 0.859 seconds (JVM running for 7.266)
]]></system-out>
  <system-err><![CDATA[]]></system-err>
</testsuite>
