<?xml version="1.0" encoding="UTF-8"?>
<testsuite name="com.example.cinemasystem.UserTests.UserServiceUnitTests" tests="8" skipped="0" failures="0" errors="0" timestamp="2022-01-16T10:56:58" hostname="DESKTOP-KA73S1F" time="0.118">
  <properties/>
  <testcase name="getAccountByIdFailTest()" classname="com.example.cinemasystem.UserTests.UserServiceUnitTests" time="0.013"/>
  <testcase name="UserRegistrationTest()" classname="com.example.cinemasystem.UserTests.UserServiceUnitTests" time="0.08"/>
  <testcase name="getAccountByUsernameFailTest()" classname="com.example.cinemasystem.UserTests.UserServiceUnitTests" time="0.003"/>
  <testcase name="getAccountByUsernameTest()" classname="com.example.cinemasystem.UserTests.UserServiceUnitTests" time="0.002"/>
  <testcase name="getAllAccountsFailTest()" classname="com.example.cinemasystem.UserTests.UserServiceUnitTests" time="0.003"/>
  <testcase name="getAllAccountsTest()" classname="com.example.cinemasystem.UserTests.UserServiceUnitTests" time="0.003"/>
  <testcase name="getAccountByIdTest()" classname="com.example.cinemasystem.UserTests.UserServiceUnitTests" time="0.003"/>
  <testcase name="returnAccountByUsernameTest()" classname="com.example.cinemasystem.UserTests.UserServiceUnitTests" time="0.004"/>
  <system-out><![CDATA[2022-01-16 11:56:57.918  INFO 18888 --- [    Test worker] .b.t.c.SpringBootTestContextBootstrapper : Neither @ContextConfiguration nor @ContextHierarchy found for test class [com.example.cinemasystem.UserTests.UserServiceUnitTests], using SpringBootContextLoader
2022-01-16 11:56:57.919  INFO 18888 --- [    Test worker] o.s.t.c.support.AbstractContextLoader    : Could not detect default resource locations for test class [com.example.cinemasystem.UserTests.UserServiceUnitTests]: no resource found for suffixes {-context.xml, Context.groovy}.
2022-01-16 11:56:57.919  INFO 18888 --- [    Test worker] t.c.s.AnnotationConfigContextLoaderUtils : Could not detect default configuration classes for test class [com.example.cinemasystem.UserTests.UserServiceUnitTests]: UserServiceUnitTests does not declare any static, non-private, non-final, nested classes annotated with @Configuration.
2022-01-16 11:56:57.920  INFO 18888 --- [    Test worker] .b.t.c.SpringBootTestContextBootstrapper : Found @SpringBootConfiguration com.example.cinemasystem.CinemaSystemApplication for test class com.example.cinemasystem.UserTests.UserServiceUnitTests
2022-01-16 11:56:57.922  INFO 18888 --- [    Test worker] .b.t.c.SpringBootTestContextBootstrapper : Loaded default TestExecutionListener class names from location [META-INF/spring.factories]: [org.springframework.security.test.context.support.WithSecurityContextTestExecutionListener, org.springframework.security.test.context.support.ReactorContextTestExecutionListener, org.springframework.boot.test.autoconfigure.restdocs.RestDocsTestExecutionListener, org.springframework.boot.test.autoconfigure.web.client.MockRestServiceServerResetTestExecutionListener, org.springframework.boot.test.autoconfigure.web.servlet.MockMvcPrintOnlyOnFailureTestExecutionListener, org.springframework.boot.test.autoconfigure.web.servlet.WebDriverTestExecutionListener, org.springframework.boot.test.autoconfigure.webservices.client.MockWebServiceServerTestExecutionListener, org.springframework.boot.test.mock.mockito.MockitoTestExecutionListener, org.springframework.boot.test.mock.mockito.ResetMocksTestExecutionListener, org.springframework.test.context.web.ServletTestExecutionListener, org.springframework.test.context.support.DirtiesContextBeforeModesTestExecutionListener, org.springframework.test.context.event.ApplicationEventsTestExecutionListener, org.springframework.test.context.support.DependencyInjectionTestExecutionListener, org.springframework.test.context.support.DirtiesContextTestExecutionListener, org.springframework.test.context.transaction.TransactionalTestExecutionListener, org.springframework.test.context.jdbc.SqlScriptsTestExecutionListener, org.springframework.test.context.event.EventPublishingTestExecutionListener]
2022-01-16 11:56:57.923  INFO 18888 --- [    Test worker] .b.t.c.SpringBootTestContextBootstrapper : Using TestExecutionListeners: [org.springframework.test.context.web.ServletTestExecutionListener@2f3f2342, org.springframework.test.context.support.DirtiesContextBeforeModesTestExecutionListener@3d4a7b5f, org.springframework.test.context.event.ApplicationEventsTestExecutionListener@692a256a, org.springframework.boot.test.mock.mockito.MockitoTestExecutionListener@7800cf4c, org.springframework.boot.test.autoconfigure.SpringBootDependencyInjectionTestExecutionListener@2e73c63d, org.springframework.test.context.support.DirtiesContextTestExecutionListener@400dc02f, org.springframework.test.context.transaction.TransactionalTestExecutionListener@7834bc31, org.springframework.test.context.jdbc.SqlScriptsTestExecutionListener@6b066d4, org.springframework.security.test.context.support.WithSecurityContextTestExecutionListener@36c21a11, org.springframework.test.context.event.EventPublishingTestExecutionListener@18e0b85e, org.springframework.security.test.context.support.ReactorContextTestExecutionListener@45e84a47, org.springframework.boot.test.autoconfigure.restdocs.RestDocsTestExecutionListener@406b02e8, org.springframework.boot.test.autoconfigure.web.client.MockRestServiceServerResetTestExecutionListener@66df8a66, org.springframework.boot.test.autoconfigure.web.servlet.MockMvcPrintOnlyOnFailureTestExecutionListener@7b60fcab, org.springframework.boot.test.autoconfigure.web.servlet.WebDriverTestExecutionListener@7cdd3bf2, org.springframework.boot.test.autoconfigure.webservices.client.MockWebServiceServerTestExecutionListener@64b90ac3, org.springframework.boot.test.mock.mockito.ResetMocksTestExecutionListener@7e2f3088]

  .   ____          _            __ _ _
 /\\ / ___'_ __ _ _(_)_ __  __ _ \ \ \ \
( ( )\___ | '_ | '_| | '_ \/ _` | \ \ \ \
 \\/  ___)| |_)| | | | | || (_| |  ) ) ) )
  '  |____| .__|_| |_|_| |_\__, | / / / /
 =========|_|==============|___/=/_/_/_/
 :: Spring Boot ::                (v2.5.4)

2022-01-16 11:56:57.944  INFO 18888 --- [    Test worker] c.e.c.UserTests.UserServiceUnitTests     : Starting UserServiceUnitTests using Java 11.0.2 on DESKTOP-KA73S1F with PID 18888 (started by ?ordan in C:\Users\Jordan\Desktop\cinema-system)
2022-01-16 11:56:57.944  INFO 18888 --- [    Test worker] c.e.c.UserTests.UserServiceUnitTests     : No active profile set, falling back to default profiles: default
2022-01-16 11:56:58.428  INFO 18888 --- [    Test worker] o.s.s.web.DefaultSecurityFilterChain     : Will secure any request with [org.springframework.security.web.context.request.async.WebAsyncManagerIntegrationFilter@510b70b0, org.springframework.security.web.context.SecurityContextPersistenceFilter@5c5aecdd, org.springframework.security.web.header.HeaderWriterFilter@266f57e5, org.springframework.web.filter.CorsFilter@3cbf26b4, org.springframework.security.web.authentication.logout.LogoutFilter@474f70af, com.example.cinemasystem.filter.JWTAuthenticationFilter@1b42225a, com.example.cinemasystem.filter.JWTAuthorizationFilter@89fc945, org.springframework.security.web.savedrequest.RequestCacheAwareFilter@5623efa7, org.springframework.security.web.servletapi.SecurityContextHolderAwareRequestFilter@aaf5af9, org.springframework.security.web.authentication.AnonymousAuthenticationFilter@21ba616, org.springframework.security.web.session.SessionManagementFilter@1dcb7b4e, org.springframework.security.web.access.ExceptionTranslationFilter@57abab0a, org.springframework.security.web.access.intercept.FilterSecurityInterceptor@723c3e41]
2022-01-16 11:56:58.644  INFO 18888 --- [    Test worker] o.s.m.s.b.SimpleBrokerMessageHandler     : Starting...
2022-01-16 11:56:58.644  INFO 18888 --- [    Test worker] o.s.m.s.b.SimpleBrokerMessageHandler     : BrokerAvailabilityEvent[available=true, SimpleBrokerMessageHandler [org.springframework.messaging.simp.broker.DefaultSubscriptionRegistry@6a685c8b]]
2022-01-16 11:56:58.644  INFO 18888 --- [    Test worker] o.s.m.s.b.SimpleBrokerMessageHandler     : Started.
2022-01-16 11:56:58.648  INFO 18888 --- [    Test worker] c.e.c.UserTests.UserServiceUnitTests     : Started UserServiceUnitTests in 0.721 seconds (JVM running for 10.795)
]]></system-out>
  <system-err><![CDATA[]]></system-err>
</testsuite>
